<?xml version="1.0" encoding="UTF-8"?>
<!-- Generated by org.testng.reporters.JUnitReportReporter -->
<testsuite skipped="0" hostname="Jhonasttans-MacBook-Pro.local" name="com.nopcommerce.testCases.TC_LoginTest_001" tests="1" failures="0" timestamp="07 Jan 2022 18:15:23 GMT" time="8.667" errors="0">
  <testcase name="loginTest" time="8.667" classname="com.nopcommerce.testCases.TC_LoginTest_001"/>
</testsuite> <!-- com.nopcommerce.testCases.TC_LoginTest_001 -->
