<?xml version="1.0" encoding="UTF-8"?>
<!-- Generated by org.testng.reporters.JUnitReportReporter -->
<testsuite hostname="Jhonasttans-MacBook-Pro.local" failures="0" tests="1" name="com.nopcommerce.testCases.TC_LoginTest_001" time="8.992" errors="0" timestamp="07 Jan 2022 21:41:06 GMT" skipped="0">
  <testcase classname="com.nopcommerce.testCases.TC_LoginTest_001" name="loginTest" time="8.992"/>
</testsuite> <!-- com.nopcommerce.testCases.TC_LoginTest_001 -->
